<?xml version="1.0" encoding="UTF-8"?>
<!-- Generated by org.testng.reporters.JUnitXMLReporter -->
<testsuite hostname="Geethas-Air.hsd1.ca.comcast.net" ignored="0" name="Surefire test" tests="3" failures="0" timestamp="17 May 2018 17:38:57 GMT" time="61.884" errors="0">
  <testcase name="UITesting" time="22.471" classname="com.opsmx.test.UITest"/>
  <testcase name="UITesting" time="16.729" classname="com.opsmx.test.UITest"/>
  <testcase name="UITesting" time="17.237" classname="com.opsmx.test.UITest"/>
</testsuite> <!-- Surefire test -->
