<?xml version="1.0" encoding="UTF-8"?>
<!-- Generated by org.testng.reporters.JUnitXMLReporter -->
<testsuite hostname="Geethas-Air.hsd1.ca.comcast.net" ignored="0" name="Test" tests="3" failures="0" timestamp="18 May 2018 00:30:26 GMT" time="66.546" errors="0">
  <testcase name="UITesting" time="22.69" classname="com.opsmx.test.UITest"/>
  <testcase name="UITesting" time="20.962" classname="com.opsmx.test.UITest"/>
  <testcase name="UITesting" time="16.539" classname="com.opsmx.test.UITest"/>
</testsuite> <!-- Test -->
